$$$$$$$$$$ SEED = 123456789
Reading user file: input/UserFile.xml
====================Initialize beamA===================
PDFinterface => LHAPDF
PDFsubset => 0
atomicNb => 
chargeNb => 
energy => 7000
idPDG => 2212
name => cteq61
nuclearCorre => 0
switchOn => off
xMax => 1.0
xMin => 1e-6
====================Initialize beamB===================
PDFinterface => LHAPDF
PDFsubset => 0
atomicNb => 
chargeNb => 
energy => 7000
idPDG => 2212
name => cteq61
nuclearCorre => 0
switchOn => off
xMax => 1.0
xMin => 1e-6
========================LHAPDF==============================
2222222222222222222222222222222222222222222222222222222222222222222222222222222222222222222222222222|1000
2222222222222222222222222222222222222222222222222222222222222222222222222222222222222222222222222222|2000
2222222222222222222222222222222222222222222222222222222222222222222222222222222222222222222222222222|3000
2222222222222222222222222222222222222222222222222222222222222222222222222222222222222222222222222222|4000
222222222222222222222222222222222222222222222222222222222222222222222222222222222222222222222222222
######## GENERATION #########
100000
############################
Generated: 100000 events
Xsection = 35.4279828430281 +/- 0.0255806475700515
########################################################################
                                 Weights
========================================================================
                                 Crude
------------------------------------------------------------------------
HardProcessWeight           0.9681913045054      +/- 0.0007322965199577  
PartonsGeneration           0.9684025667996      +/- 0.0002073056049222  
XsCrudWt                    36.69772346097       +/- 9.407186083896e-08  
========================================================================
                                 Model
------------------------------------------------------------------------
ModelBest                   419.1830825492       +/- 194.5638284501      
beta00                      0.9592010001072      +/- 0.0004397286140017  
beta01_EW                   0.9780643000345      +/- 0.0004479817161729  
beta01_EW + beta11          419.1830825492       +/- 194.5638284501      
beta01_LL                   0.9786969353816      +/- 0.0004482714755075  
beta01_LL + beta11_LL       0.9885627251707      +/- 0.0003312758176593  
beta01_QED                  0.9809249862169      +/- 0.0004492919689975  
beta01_QED + beta11         419.1859432354       +/- 194.5638283888      
beta11                      418.2050182492       +/- 194.563849431       
beta11_LL                   0.009865789789061    +/- 0.0001809025277456  
xs00                        0.8677579916274      +/- 0.00234192704801    
xs0gEW                      0.5411924345893      +/- 0.001440388588756   
xs0gEW + xs1g               377.692553895        +/- 197.5341353221      
xs0gQED                     0.5437804045791      +/- 0.001447048556406   
xs0gQED + xs1g              377.695141865        +/- 197.5341352726      
xs1g                        377.1513614605       +/- 197.5341456795      
========================================================================
Main Weight                 35.42798284303       +/- 0.02558064757005    
########################################################################
########################################################################
                                 Cross Sections [nb]
========================================================================
                                 Best
------------------------------------------------------------------------
Best                        35.42798284303       +/- 0.02558064757005    
========================================================================
                                 YFS exponentiation 
------------------------------------------------------------------------
XsTot     O(alf0)           33.82060643907       +/- 0.02980816578882    
XsTot_EW  O(alf1)_EW        35.42798284303       +/- 0.02558064757005    
XsTot_LL  O(alf1)_LL        34.61149849327       +/- 0.02963853186642    
XsTot_QED O(alf1)_QED       35.5288481906        +/- 0.02566437639096    
========================================================================
                                 Fixed Order 
------------------------------------------------------------------------
Born                        32.91291329328       +/- 0.08941723512663    
Born + virtual_EW + soft    20.51381935047       +/- 0.05488088720806    
Born + virtual_QED + soft   20.6119776296        +/- 0.05513528901415    
O(alpha)_EW                 35.40626611712       +/- 0.05213035937837    
O(alpha)_QED                35.50442439625       +/- 0.05211838777165    
One real hard photon        14.89244676666       +/- 0.07626061789237    
========================================================================
                                 All 
------------------------------------------------------------------------
ModelBest                   35.52959749185       +/- 0.02493836032027    
beta00                      33.91761080598       +/- 0.02933658254663    
beta01_EW                   34.58402225302       +/- 0.0299108957458     
beta01_EW + beta11          35.52959749185       +/- 0.02493836032027    
beta01_LL                   34.60639241343       +/- 0.02993023936467    
beta01_LL + beta11_LL       34.71077129918       +/- 0.02913643270782    
beta01_QED                  34.68517690289       +/- 0.02999836488673    
beta01_QED + beta11         35.63075214173       +/- 0.0250206053146     
beta11                      0.9455752388329      +/- 0.01065249706878    
beta11_LL                   0.10437888575        +/- 0.001547518286787   
xs00                        33.00731421193       +/- 0.08949929740622    
xs0gEW                      20.57265714992       +/- 0.05492790630239    
xs0gEW + xs1g               35.50781847797       +/- 0.05193287381771    
xs0gQED                     20.67109696692       +/- 0.05518249303395    
xs0gQED + xs1g              35.60625829497       +/- 0.05191885400512    
xs1g                        14.93516132805       +/- 0.07643751049806    
========================================================================
########################################################################
 *************************************
 *       LHAPDF Version 5.7.0        *
 *************************************

 >>>>>> PDF description: <<<<<<
 CTEQ6.1                                                         
 Reference:                                                      
 J. Pumplin, D.R. Stump, J. Huston, H.L. Lai                     
 W.K. Tung, S. Kuhlmann, J. Owens                                
 hep-ph/0303013                                                  
 This set has 41 member PDFs.                                    
     mem=0 --> central value (cteq61m)                           
     mem=1-40 --> 20 sets of +ve/-ve error values                
 >>>>>>                   <<<<<<

 *************************************
 *       LHAPDF Version 5.7.0        *
 *************************************

 >>>>>> PDF description: <<<<<<
 CTEQ6.1                                                         
 Reference:                                                      
 J. Pumplin, D.R. Stump, J. Huston, H.L. Lai                     
 W.K. Tung, S. Kuhlmann, J. Owens                                
 hep-ph/0303013                                                  
 This set has 41 member PDFs.                                    
     mem=0 --> central value (cteq61m)                           
     mem=1-40 --> 20 sets of +ve/-ve error values                
 >>>>>>                   <<<<<<

